[0.306s] Invoking command in '/home/atk-sandbox/atk-sandbox/workspace/build/merge_arrays': CMAKE_PREFIX_PATH=${CMAKE_PREFIX_PATH}:/home/atk-sandbox/atk-sandbox/workspace/install/launch_utils:/opt/ros/humble /usr/bin/cmake --build /home/atk-sandbox/atk-sandbox/workspace/build/merge_arrays -- -j4 -l4
[1.972s] [35m[1mConsolidate compiler generated dependencies of target merge_arrays_node[0m
[5.182s] [ 50%] [32mBuilding CXX object CMakeFiles/merge_arrays_node.dir/src/merge_arrays_node.cpp.o[0m
[9.831s] [01m[K/home/atk-sandbox/atk-sandbox/workspace/src/merge_arrays/src/merge_arrays_node.cpp:[m[K In member function â€˜[01m[Kvoid MergeArrays::topic_callback(const Int32MultiArray&)[m[Kâ€™:
[9.836s] [01m[K/home/atk-sandbox/atk-sandbox/workspace/src/merge_arrays/src/merge_arrays_node.cpp:44:13:[m[K [01;31m[Kerror: [m[Kâ€˜[01m[Kcout[m[Kâ€™ was not declared in this scope; did you mean â€˜[01m[Kstd::cout[m[Kâ€™?
[9.841s]    44 |         std:[01;31m[Kcout[m[K<<"Hello";
[9.845s]       |             [01;31m[K^~~~[m[K
[9.849s]       |             [32m[Kstd::cout[m[K
[9.854s] In file included from [01m[K/home/atk-sandbox/atk-sandbox/workspace/src/merge_arrays/src/merge_arrays_node.cpp:5[m[K:
[9.862s] [01m[K/usr/include/c++/11/iostream:61:18:[m[K [01;36m[Knote: [m[Kâ€˜[01m[Kstd::cout[m[Kâ€™ declared here
[9.868s]    61 |   extern ostream [01;36m[Kcout[m[K;          /// Linked to standard output
[9.873s]       |                  [01;36m[K^~~~[m[K
[9.877s] [01m[K/home/atk-sandbox/atk-sandbox/workspace/src/merge_arrays/src/merge_arrays_node.cpp:50:26:[m[K [01;35m[Kwarning: [m[Kcomparison of integer expressions of different signedness: â€˜[01m[Kint[m[Kâ€™ and â€˜[01m[Klong unsigned int[m[Kâ€™ [[01;35m[K]8;;https://gcc.gnu.org/onlinedocs/gcc/Warning-Options.html#index-Wsign-compare-Wsign-compare]8;;[m[K]
[9.881s]    50 |         for(int i = 0; [01;35m[Ki < sizeof(array.data)/sizeof(array.data[0])[m[K; i++){
[9.885s]       |                        [01;35m[K~~^~~~~~~~~~~~~~~~~~~~~~~~~~~~~~~~~~~~~~~~~~[m[K
[9.890s] [01m[K/home/atk-sandbox/atk-sandbox/workspace/src/merge_arrays/src/merge_arrays_node.cpp:44:9:[m[K [01;35m[Kwarning: [m[Klabel â€˜[01m[Kstd[m[Kâ€™ defined but not used [[01;35m[K]8;;https://gcc.gnu.org/onlinedocs/gcc/Warning-Options.html#index-Wunused-label-Wunused-label]8;;[m[K]
[9.896s]    44 |         [01;35m[Kstd[m[K:cout<<"Hello";
[9.901s]       |         [01;35m[K^~~[m[K
[13.707s] gmake[2]: *** [CMakeFiles/merge_arrays_node.dir/build.make:76: CMakeFiles/merge_arrays_node.dir/src/merge_arrays_node.cpp.o] Error 1
[13.715s] gmake[1]: *** [CMakeFiles/Makefile2:137: CMakeFiles/merge_arrays_node.dir/all] Error 2
[13.722s] gmake: *** [Makefile:146: all] Error 2
[13.727s] Invoked command in '/home/atk-sandbox/atk-sandbox/workspace/build/merge_arrays' returned '2': CMAKE_PREFIX_PATH=${CMAKE_PREFIX_PATH}:/home/atk-sandbox/atk-sandbox/workspace/install/launch_utils:/opt/ros/humble /usr/bin/cmake --build /home/atk-sandbox/atk-sandbox/workspace/build/merge_arrays -- -j4 -l4
