[0.299s] Invoking command in '/home/atk-sandbox/atk-sandbox/workspace/build/merge_arrays': CMAKE_PREFIX_PATH=${CMAKE_PREFIX_PATH}:/home/atk-sandbox/atk-sandbox/workspace/install/launch_utils:/opt/ros/humble /usr/bin/cmake --build /home/atk-sandbox/atk-sandbox/workspace/build/merge_arrays -- -j4 -l4
[1.720s] [35m[1mConsolidate compiler generated dependencies of target merge_arrays_node[0m
[4.167s] [ 50%] [32mBuilding CXX object CMakeFiles/merge_arrays_node.dir/src/merge_arrays_node.cpp.o[0m
[8.566s] [01m[K/home/atk-sandbox/atk-sandbox/workspace/src/merge_arrays/src/merge_arrays_node.cpp:[m[K In member function â€˜[01m[Kvoid MergeArrays::topic_callback(const Int32MultiArray&)[m[Kâ€™:
[8.570s] [01m[K/home/atk-sandbox/atk-sandbox/workspace/src/merge_arrays/src/merge_arrays_node.cpp:45:17:[m[K [01;31m[Kerror: [m[Kexpected primary-expression before â€˜[01m[K.[m[Kâ€™ token
[8.573s]    45 |         std_msgs[01;31m[K.[m[Kmsg.Int32MultiArray(layout = std_msgs.msg.MultiArrayLayout(dim = [], data_offset = 0), data = [ 1, 9, 18, 20, 30 ]);
[8.577s]       |                 [01;31m[K^[m[K
[8.581s] [01m[K/home/atk-sandbox/atk-sandbox/workspace/src/merge_arrays/src/merge_arrays_node.cpp:45:38:[m[K [01;31m[Kerror: [m[Kâ€˜[01m[Klayout[m[Kâ€™ was not declared in this scope
[8.585s]    45 |         std_msgs.msg.Int32MultiArray([01;31m[Klayout[m[K = std_msgs.msg.MultiArrayLayout(dim = [], data_offset = 0), data = [ 1, 9, 18, 20, 30 ]);
[8.589s]       |                                      [01;31m[K^~~~~~[m[K
[8.593s] [01m[K/home/atk-sandbox/atk-sandbox/workspace/src/merge_arrays/src/merge_arrays_node.cpp:45:55:[m[K [01;31m[Kerror: [m[Kexpected primary-expression before â€˜[01m[K.[m[Kâ€™ token
[8.598s]    45 |         std_msgs.msg.Int32MultiArray(layout = std_msgs[01;31m[K.[m[Kmsg.MultiArrayLayout(dim = [], data_offset = 0), data = [ 1, 9, 18, 20, 30 ]);
[8.602s]       |                                                       [01;31m[K^[m[K
[8.607s] [01m[K/home/atk-sandbox/atk-sandbox/workspace/src/merge_arrays/src/merge_arrays_node.cpp:45:77:[m[K [01;31m[Kerror: [m[Kâ€˜[01m[Kdim[m[Kâ€™ was not declared in this scope; did you mean â€˜[01m[Kfdim[m[Kâ€™?
[8.611s]    45 |         std_msgs.msg.Int32MultiArray(layout = std_msgs.msg.MultiArrayLayout([01;31m[Kdim[m[K = [], data_offset = 0), data = [ 1, 9, 18, 20, 30 ]);
[8.615s]       |                                                                             [01;31m[K^~~[m[K
[8.618s]       |                                                                             [32m[Kfdim[m[K
[8.622s] [01m[K/home/atk-sandbox/atk-sandbox/workspace/src/merge_arrays/src/merge_arrays_node.cpp:[m[K In lambda function:
[8.625s] [01m[K/home/atk-sandbox/atk-sandbox/workspace/src/merge_arrays/src/merge_arrays_node.cpp:45:85:[m[K [01;31m[Kerror: [m[Kexpected â€˜[01m[K{[m[Kâ€™ before â€˜[01m[K,[m[Kâ€™ token
[8.630s]    45 |         std_msgs.msg.Int32MultiArray(layout = std_msgs.msg.MultiArrayLayout(dim = [][01;31m[K,[m[K data_offset = 0), data = [ 1, 9, 18, 20, 30 ]);
[8.634s]       |                                                                                     [01;31m[K^[m[K
[8.638s] [01m[K/home/atk-sandbox/atk-sandbox/workspace/src/merge_arrays/src/merge_arrays_node.cpp:[m[K In member function â€˜[01m[Kvoid MergeArrays::topic_callback(const Int32MultiArray&)[m[Kâ€™:
[8.642s] [01m[K/home/atk-sandbox/atk-sandbox/workspace/src/merge_arrays/src/merge_arrays_node.cpp:45:87:[m[K [01;31m[Kerror: [m[Kâ€˜[01m[Kdata_offset[m[Kâ€™ was not declared in this scope
[8.645s]    45 |         std_msgs.msg.Int32MultiArray(layout = std_msgs.msg.MultiArrayLayout(dim = [], [01;31m[Kdata_offset[m[K = 0), data = [ 1, 9, 18, 20, 30 ]);
[8.648s]       |                                                                                       [01;31m[K^~~~~~~~~~~[m[K
[8.653s] [01m[K/home/atk-sandbox/atk-sandbox/workspace/src/merge_arrays/src/merge_arrays_node.cpp:45:105:[m[K [01;31m[Kerror: [m[Kâ€˜[01m[Kdata[m[Kâ€™ was not declared in this scope; did you mean â€˜[01m[Kstd::data[m[Kâ€™?
[8.657s]    45 |         std_msgs.msg.Int32MultiArray(layout = std_msgs.msg.MultiArrayLayout(dim = [], data_offset = 0), [01;31m[Kdata[m[K = [ 1, 9, 18, 20, 30 ]);
[8.661s]       |                                                                                                         [01;31m[K^~~~[m[K
[8.666s]       |                                                                                                         [32m[Kstd::data[m[K
[8.669s] In file included from [01m[K/usr/include/c++/11/array:41[m[K,
[8.673s]                  from [01m[K/usr/include/c++/11/tuple:39[m[K,
[8.678s]                  from [01m[K/usr/include/c++/11/functional:54[m[K,
[8.681s]                  from [01m[K/home/atk-sandbox/atk-sandbox/workspace/src/merge_arrays/src/merge_arrays_node.cpp:2[m[K:
[8.685s] [01m[K/usr/include/c++/11/bits/range_access.h:319:5:[m[K [01;36m[Knote: [m[Kâ€˜[01m[Kstd::data[m[Kâ€™ declared here
[8.689s]   319 |     [01;36m[Kdata[m[K(initializer_list<_Tp> __il) noexcept
[8.694s]       |     [01;36m[K^~~~[m[K
[8.698s] [01m[K/home/atk-sandbox/atk-sandbox/workspace/src/merge_arrays/src/merge_arrays_node.cpp:45:114:[m[K [01;31m[Kerror: [m[Kexpected identifier before numeric constant
[8.701s]    45 |         std_msgs.msg.Int32MultiArray(layout = std_msgs.msg.MultiArrayLayout(dim = [], data_offset = 0), data = [ [01;31m[K1[m[K, 9, 18, 20, 30 ]);
[8.705s]       |                                                                                                                  [01;31m[K^[m[K
[8.709s] [01m[K/home/atk-sandbox/atk-sandbox/workspace/src/merge_arrays/src/merge_arrays_node.cpp:45:115:[m[K [01;31m[Kerror: [m[Kexpected â€˜[01m[K][m[Kâ€™ before â€˜[01m[K,[m[Kâ€™ token
[8.713s]    45 |         std_msgs.msg.Int32MultiArray(layout = std_msgs.msg.MultiArrayLayout(dim = [], data_offset = 0), data = [ 1[01;31m[K,[m[K 9, 18, 20, 30 ]);
[8.716s]       |                                                                                                                   [01;31m[K^[m[K
[8.718s] [01m[K/home/atk-sandbox/atk-sandbox/workspace/src/merge_arrays/src/merge_arrays_node.cpp:[m[K In lambda function:
[8.722s] [01m[K/home/atk-sandbox/atk-sandbox/workspace/src/merge_arrays/src/merge_arrays_node.cpp:45:115:[m[K [01;31m[Kerror: [m[Kexpected â€˜[01m[K{[m[Kâ€™ before â€˜[01m[K,[m[Kâ€™ token
[8.729s] [01m[K/home/atk-sandbox/atk-sandbox/workspace/src/merge_arrays/src/merge_arrays_node.cpp:[m[K In member function â€˜[01m[Kvoid MergeArrays::topic_callback(const Int32MultiArray&)[m[Kâ€™:
[8.733s] [01m[K/home/atk-sandbox/atk-sandbox/workspace/src/merge_arrays/src/merge_arrays_node.cpp:45:131:[m[K [01;31m[Kerror: [m[Kexpected â€˜[01m[K)[m[Kâ€™ before â€˜[01m[K][m[Kâ€™ token
[8.737s]    45 |         std_msgs.msg.Int32MultiArray(layout = std_msgs.msg.MultiArrayLayout(dim = [], data_offset = 0), data = [ 1, 9, 18, 20, 30 [01;31m[K][m[K);
[8.741s]       |                                                                                                                                   [01;31m[K^[m[K
[8.745s] [01m[K/home/atk-sandbox/atk-sandbox/workspace/src/merge_arrays/src/merge_arrays_node.cpp:45:37:[m[K [01;36m[Knote: [m[Kto match this â€˜[01m[K([m[Kâ€™
[8.748s]    45 |         std_msgs.msg.Int32MultiArray[01;36m[K([m[Klayout = std_msgs.msg.MultiArrayLayout(dim = [], data_offset = 0), data = [ 1, 9, 18, 20, 30 ]);
[8.751s]       |                                     [01;36m[K^[m[K
[8.756s] [01m[K/home/atk-sandbox/atk-sandbox/workspace/src/merge_arrays/src/merge_arrays_node.cpp:40:63:[m[K [01;35m[Kwarning: [m[Kunused parameter â€˜[01m[Kmsg[m[Kâ€™ [[01;35m[K]8;;https://gcc.gnu.org/onlinedocs/gcc/Warning-Options.html#index-Wunused-parameter-Wunused-parameter]8;;[m[K]
[8.760s]    40 |     void topic_callback([01;35m[Kconst std_msgs::msg::Int32MultiArray &msg[m[K)
[8.764s]       |                         [01;35m[K~~~~~~~~~~~~~~~~~~~~~~~~~~~~~~~~~~~~~~^~~[m[K
[12.381s] gmake[2]: *** [CMakeFiles/merge_arrays_node.dir/build.make:76: CMakeFiles/merge_arrays_node.dir/src/merge_arrays_node.cpp.o] Error 1
[12.388s] gmake[1]: *** [CMakeFiles/Makefile2:137: CMakeFiles/merge_arrays_node.dir/all] Error 2
[12.392s] gmake: *** [Makefile:146: all] Error 2
[12.396s] Invoked command in '/home/atk-sandbox/atk-sandbox/workspace/build/merge_arrays' returned '2': CMAKE_PREFIX_PATH=${CMAKE_PREFIX_PATH}:/home/atk-sandbox/atk-sandbox/workspace/install/launch_utils:/opt/ros/humble /usr/bin/cmake --build /home/atk-sandbox/atk-sandbox/workspace/build/merge_arrays -- -j4 -l4
