[35m[1mConsolidate compiler generated dependencies of target merge_arrays_node[0m
[ 50%] [32mBuilding CXX object CMakeFiles/merge_arrays_node.dir/src/merge_arrays_node.cpp.o[0m
[01m[K/home/atk-sandbox/atk-sandbox/workspace/src/merge_arrays/src/merge_arrays_node.cpp:[m[K In member function â€˜[01m[Kvoid MergeArrays::topic_callback(const Int32MultiArray&)[m[Kâ€™:
[01m[K/home/atk-sandbox/atk-sandbox/workspace/src/merge_arrays/src/merge_arrays_node.cpp:46:23:[m[K [01;31m[Kerror: [m[Kâ€˜[01m[Kmeg[m[Kâ€™ was not declared in this scope; did you mean â€˜[01m[Kmsg[m[Kâ€™?
   46 |             result2 = [01;31m[Kmeg[m[K;
      |                       [01;31m[K^~~[m[K
      |                       [32m[Kmsg[m[K
gmake[2]: *** [CMakeFiles/merge_arrays_node.dir/build.make:76: CMakeFiles/merge_arrays_node.dir/src/merge_arrays_node.cpp.o] Error 1
gmake[1]: *** [CMakeFiles/Makefile2:137: CMakeFiles/merge_arrays_node.dir/all] Error 2
gmake: *** [Makefile:146: all] Error 2
