[01m[K/home/atk-sandbox/atk-sandbox/workspace/src/merge_arrays/src/merge_arrays_node.cpp:119:2:[m[K [01;31m[Kerror: [m[Kexpected â€˜[01m[K}[m[Kâ€™ at end of input
  119 | }
      |  [01;31m[K^[m[K
[01m[K/home/atk-sandbox/atk-sandbox/workspace/src/merge_arrays/src/merge_arrays_node.cpp:21:1:[m[K [01;36m[Knote: [m[Kto match this â€˜[01m[K{[m[Kâ€™
   21 | [01;36m[K{[m[K
      | [01;36m[K^[m[K
[01m[K/home/atk-sandbox/atk-sandbox/workspace/src/merge_arrays/src/merge_arrays_node.cpp:[m[K In member function â€˜[01m[Kvoid MergeArrays::merge_arrays(std_msgs::msg::Int32MultiArray, std_msgs::msg::Int32MultiArray)[m[Kâ€™:
[01m[K/home/atk-sandbox/atk-sandbox/workspace/src/merge_arrays/src/merge_arrays_node.cpp:82:17:[m[K [01;31m[Kerror: [m[Kâ€˜[01m[KInt32MultiArray[m[Kâ€™ is not a member of â€˜[01m[Kstd_msgs[m[Kâ€™; did you mean â€˜[01m[Kstd_msgs::msg::Int32MultiArray[m[Kâ€™?
   82 |       std_msgs::[01;31m[KInt32MultiArray[m[K result_array;
      |                 [01;31m[K^~~~~~~~~~~~~~~[m[K
In file included from [01m[K/opt/ros/humble/include/std_msgs/std_msgs/msg/int32_multi_array.hpp:7[m[K,
                 from [01m[K/home/atk-sandbox/atk-sandbox/workspace/src/merge_arrays/src/merge_arrays_node.cpp:9[m[K:
[01m[K/opt/ros/humble/include/std_msgs/std_msgs/msg/detail/int32_multi_array__struct.hpp:131:7:[m[K [01;36m[Knote: [m[Kâ€˜[01m[Kstd_msgs::msg::Int32MultiArray[m[Kâ€™ declared here
  131 | using [01;36m[KInt32MultiArray[m[K =
      |       [01;36m[K^~~~~~~~~~~~~~~[m[K
[01m[K/home/atk-sandbox/atk-sandbox/workspace/src/merge_arrays/src/merge_arrays_node.cpp:86:22:[m[K [01;31m[Kerror: [m[Kâ€˜[01m[KsizeOf[m[Kâ€™ was not declared in this scope; did you mean â€˜[01m[Ksize_t[m[Kâ€™?
   86 |       int arr_len1 = [01;31m[KsizeOf[m[K(array1)/sizeOf(array1[0]);
      |                      [01;31m[K^~~~~~[m[K
      |                      [32m[Ksize_t[m[K
[01m[K/home/atk-sandbox/atk-sandbox/workspace/src/merge_arrays/src/merge_arrays_node.cpp:86:50:[m[K [01;31m[Kerror: [m[Kno match for â€˜[01m[Koperator[][m[Kâ€™ (operand types are â€˜[01m[Kstd_msgs::msg::Int32MultiArray[m[Kâ€™ {aka â€˜[01m[Kstd_msgs::msg::Int32MultiArray_<std::allocator<void> >[m[Kâ€™} and â€˜[01m[Kint[m[Kâ€™)
   86 |       int arr_len1 = sizeOf(array1)/sizeOf(array1[01;31m[K[[m[K0]);
      |                                                  [01;31m[K^[m[K
[01m[K/home/atk-sandbox/atk-sandbox/workspace/src/merge_arrays/src/merge_arrays_node.cpp:87:52:[m[K [01;31m[Kerror: [m[Kno match for â€˜[01m[Koperator[][m[Kâ€™ (operand types are â€˜[01m[Kstd_msgs::msg::Int32MultiArray[m[Kâ€™ {aka â€˜[01m[Kstd_msgs::msg::Int32MultiArray_<std::allocator<void> >[m[Kâ€™} and â€˜[01m[Kint[m[Kâ€™)
   87 |       int arr_len2 = sizeOf(array2) / sizeOf(array2[01;31m[K[[m[K0]);
      |                                                    [01;31m[K^[m[K
[01m[K/home/atk-sandbox/atk-sandbox/workspace/src/merge_arrays/src/merge_arrays_node.cpp:89:18:[m[K [01;31m[Kerror: [m[Kno match for â€˜[01m[Koperator[][m[Kâ€™ (operand types are â€˜[01m[Kstd_msgs::msg::Int32MultiArray[m[Kâ€™ {aka â€˜[01m[Kstd_msgs::msg::Int32MultiArray_<std::allocator<void> >[m[Kâ€™} and â€˜[01m[Kint[m[Kâ€™)
   89 |         if(array1[01;31m[K[[m[Ki] < array2[j]){
      |                  [01;31m[K^[m[K
[01m[K/home/atk-sandbox/atk-sandbox/workspace/src/merge_arrays/src/merge_arrays_node.cpp:89:30:[m[K [01;31m[Kerror: [m[Kno match for â€˜[01m[Koperator[][m[Kâ€™ (operand types are â€˜[01m[Kstd_msgs::msg::Int32MultiArray[m[Kâ€™ {aka â€˜[01m[Kstd_msgs::msg::Int32MultiArray_<std::allocator<void> >[m[Kâ€™} and â€˜[01m[Kint[m[Kâ€™)
   89 |         if(array1[i] < array2[01;31m[K[[m[Kj]){
      |                              [01;31m[K^[m[K
[01m[K/home/atk-sandbox/atk-sandbox/workspace/src/merge_arrays/src/merge_arrays_node.cpp:90:11:[m[K [01;31m[Kerror: [m[Kâ€˜[01m[Kresult_array[m[Kâ€™ was not declared in this scope; did you mean â€˜[01m[Kreallocarray[m[Kâ€™?
   90 |           [01;31m[Kresult_array[m[K[result_array_index] = array1[i];
      |           [01;31m[K^~~~~~~~~~~~[m[K
      |           [32m[Kreallocarray[m[K
[01m[K/home/atk-sandbox/atk-sandbox/workspace/src/merge_arrays/src/merge_arrays_node.cpp:90:52:[m[K [01;31m[Kerror: [m[Kno match for â€˜[01m[Koperator[][m[Kâ€™ (operand types are â€˜[01m[Kstd_msgs::msg::Int32MultiArray[m[Kâ€™ {aka â€˜[01m[Kstd_msgs::msg::Int32MultiArray_<std::allocator<void> >[m[Kâ€™} and â€˜[01m[Kint[m[Kâ€™)
   90 |           result_array[result_array_index] = array1[01;31m[K[[m[Ki];
      |                                                    [01;31m[K^[m[K
[01m[K/home/atk-sandbox/atk-sandbox/workspace/src/merge_arrays/src/merge_arrays_node.cpp:94:11:[m[K [01;31m[Kerror: [m[Kâ€˜[01m[Kresult_array[m[Kâ€™ was not declared in this scope; did you mean â€˜[01m[Kreallocarray[m[Kâ€™?
   94 |           [01;31m[Kresult_array[m[K[result_array_index] = array2[j];
      |           [01;31m[K^~~~~~~~~~~~[m[K
      |           [32m[Kreallocarray[m[K
[01m[K/home/atk-sandbox/atk-sandbox/workspace/src/merge_arrays/src/merge_arrays_node.cpp:94:52:[m[K [01;31m[Kerror: [m[Kno match for â€˜[01m[Koperator[][m[Kâ€™ (operand types are â€˜[01m[Kstd_msgs::msg::Int32MultiArray[m[Kâ€™ {aka â€˜[01m[Kstd_msgs::msg::Int32MultiArray_<std::allocator<void> >[m[Kâ€™} and â€˜[01m[Kint[m[Kâ€™)
   94 |           result_array[result_array_index] = array2[01;31m[K[[m[Kj];
      |                                                    [01;31m[K^[m[K
[01m[K/home/atk-sandbox/atk-sandbox/workspace/src/merge_arrays/src/merge_arrays_node.cpp:99:11:[m[K [01;31m[Kerror: [m[Kâ€˜[01m[Kresult_array[m[Kâ€™ was not declared in this scope; did you mean â€˜[01m[Kreallocarray[m[Kâ€™?
   99 |           [01;31m[Kresult_array[m[K[result_array_index] = array1[i];
      |           [01;31m[K^~~~~~~~~~~~[m[K
      |           [32m[Kreallocarray[m[K
[01m[K/home/atk-sandbox/atk-sandbox/workspace/src/merge_arrays/src/merge_arrays_node.cpp:99:52:[m[K [01;31m[Kerror: [m[Kno match for â€˜[01m[Koperator[][m[Kâ€™ (operand types are â€˜[01m[Kstd_msgs::msg::Int32MultiArray[m[Kâ€™ {aka â€˜[01m[Kstd_msgs::msg::Int32MultiArray_<std::allocator<void> >[m[Kâ€™} and â€˜[01m[Kint[m[Kâ€™)
   99 |           result_array[result_array_index] = array1[01;31m[K[[m[Ki];
      |                                                    [01;31m[K^[m[K
[01m[K/home/atk-sandbox/atk-sandbox/workspace/src/merge_arrays/src/merge_arrays_node.cpp:106:11:[m[K [01;31m[Kerror: [m[Kâ€˜[01m[Kresult_array[m[Kâ€™ was not declared in this scope; did you mean â€˜[01m[Kreallocarray[m[Kâ€™?
  106 |           [01;31m[Kresult_array[m[K[result_array_index] = array2[j];
      |           [01;31m[K^~~~~~~~~~~~[m[K
      |           [32m[Kreallocarray[m[K
[01m[K/home/atk-sandbox/atk-sandbox/workspace/src/merge_arrays/src/merge_arrays_node.cpp:106:52:[m[K [01;31m[Kerror: [m[Kno match for â€˜[01m[Koperator[][m[Kâ€™ (operand types are â€˜[01m[Kstd_msgs::msg::Int32MultiArray[m[Kâ€™ {aka â€˜[01m[Kstd_msgs::msg::Int32MultiArray_<std::allocator<void> >[m[Kâ€™} and â€˜[01m[Kint[m[Kâ€™)
  106 |           result_array[result_array_index] = array2[01;31m[K[[m[Kj];
      |                                                    [01;31m[K^[m[K
[01m[K/home/atk-sandbox/atk-sandbox/workspace/src/merge_arrays/src/merge_arrays_node.cpp:[m[K At global scope:
[01m[K/home/atk-sandbox/atk-sandbox/workspace/src/merge_arrays/src/merge_arrays_node.cpp:119:2:[m[K [01;31m[Kerror: [m[Kexpected unqualified-id at end of input
  119 | }
      |  [01;31m[K^[m[K
gmake[2]: *** [CMakeFiles/merge_arrays_node.dir/build.make:76: CMakeFiles/merge_arrays_node.dir/src/merge_arrays_node.cpp.o] Error 1
gmake[1]: *** [CMakeFiles/Makefile2:137: CMakeFiles/merge_arrays_node.dir/all] Error 2
gmake: *** [Makefile:146: all] Error 2
