[0.306s] Invoking command in '/home/atk-sandbox/atk-sandbox/workspace/build/merge_arrays': CMAKE_PREFIX_PATH=${CMAKE_PREFIX_PATH}:/home/atk-sandbox/atk-sandbox/workspace/install/launch_utils:/opt/ros/humble /usr/bin/cmake --build /home/atk-sandbox/atk-sandbox/workspace/build/merge_arrays -- -j4 -l4
[1.858s] [35m[1mConsolidate compiler generated dependencies of target merge_arrays_node[0m
[4.395s] [ 50%] [32mBuilding CXX object CMakeFiles/merge_arrays_node.dir/src/merge_arrays_node.cpp.o[0m
[9.560s] [01m[K/home/atk-sandbox/atk-sandbox/workspace/src/merge_arrays/src/merge_arrays_node.cpp:27:15:[m[K [01;31m[Kerror: [m[Kâ€˜[01m[KInt32MultiArray[m[Kâ€™ in namespace â€˜[01m[Kstd_msgs[m[Kâ€™ does not name a type
[9.565s]    27 |     std_msgs::[01;31m[KInt32MultiArray[m[K result_array;
[9.570s]       |               [01;31m[K^~~~~~~~~~~~~~~[m[K
[9.671s] [01m[K/home/atk-sandbox/atk-sandbox/workspace/src/merge_arrays/src/merge_arrays_node.cpp:[m[K In member function â€˜[01m[Kvoid MergeArrays::topic_callback(const Int32MultiArray&)[m[Kâ€™:
[9.675s] [01m[K/home/atk-sandbox/atk-sandbox/workspace/src/merge_arrays/src/merge_arrays_node.cpp:45:9:[m[K [01;31m[Kerror: [m[Kâ€˜[01m[Kresult_array[m[Kâ€™ was not declared in this scope; did you mean â€˜[01m[Kreallocarray[m[Kâ€™?
[9.680s]    45 |         [01;31m[Kresult_array[m[K = std_msgs::msg::Int32MultiArray(3);
[9.685s]       |         [01;31m[K^~~~~~~~~~~~[m[K
[9.690s]       |         [32m[Kreallocarray[m[K
[9.695s] [01m[K/home/atk-sandbox/atk-sandbox/workspace/src/merge_arrays/src/merge_arrays_node.cpp:45:56:[m[K [01;31m[Kerror: [m[Kno matching function for call to â€˜[01m[Kstd_msgs::msg::Int32MultiArray_<std::allocator<void> >::Int32MultiArray_(int)[m[Kâ€™
[9.699s]    45 |         result_array = std_msgs::msg::Int32MultiArray(3[01;31m[K)[m[K;
[9.703s]       |                                                        [01;31m[K^[m[K
[9.706s] In file included from [01m[K/opt/ros/humble/include/std_msgs/std_msgs/msg/int32_multi_array.hpp:7[m[K,
[9.710s]                  from [01m[K/home/atk-sandbox/atk-sandbox/workspace/src/merge_arrays/src/merge_arrays_node.cpp:9[m[K:
[9.715s] [01m[K/opt/ros/humble/include/std_msgs/std_msgs/msg/detail/int32_multi_array__struct.hpp:46:12:[m[K [01;36m[Knote: [m[Kcandidate: â€˜[01m[Kstd_msgs::msg::Int32MultiArray_<ContainerAllocator>::Int32MultiArray_(const ContainerAllocator&, rosidl_runtime_cpp::MessageInitialization) [with ContainerAllocator = std::allocator<void>][m[Kâ€™
[9.721s]    46 |   explicit [01;36m[KInt32MultiArray_[m[K(const ContainerAllocator & _alloc, rosidl_runtime_cpp::MessageInitialization _init = rosidl_runtime_cpp::MessageInitialization::ALL)
[9.726s]       |            [01;36m[K^~~~~~~~~~~~~~~~[m[K
[9.731s] [01m[K/opt/ros/humble/include/std_msgs/std_msgs/msg/detail/int32_multi_array__struct.hpp:46:56:[m[K [01;36m[Knote: [m[K  no known conversion for argument 1 from â€˜[01m[Kint[m[Kâ€™ to â€˜[01m[Kconst std::allocator<void>&[m[Kâ€™
[9.735s]    46 |   explicit Int32MultiArray_([01;36m[Kconst ContainerAllocator & _alloc[m[K, rosidl_runtime_cpp::MessageInitialization _init = rosidl_runtime_cpp::MessageInitialization::ALL)
[9.739s]       |                             [01;36m[K~~~~~~~~~~~~~~~~~~~~~~~~~~~^~~~~~[m[K
[9.743s] [01m[K/opt/ros/humble/include/std_msgs/std_msgs/msg/detail/int32_multi_array__struct.hpp:40:12:[m[K [01;36m[Knote: [m[Kcandidate: â€˜[01m[Kstd_msgs::msg::Int32MultiArray_<ContainerAllocator>::Int32MultiArray_(rosidl_runtime_cpp::MessageInitialization) [with ContainerAllocator = std::allocator<void>][m[Kâ€™
[9.750s]    40 |   explicit [01;36m[KInt32MultiArray_[m[K(rosidl_runtime_cpp::MessageInitialization _init = rosidl_runtime_cpp::MessageInitialization::ALL)
[9.754s]       |            [01;36m[K^~~~~~~~~~~~~~~~[m[K
[9.759s] [01m[K/opt/ros/humble/include/std_msgs/std_msgs/msg/detail/int32_multi_array__struct.hpp:40:71:[m[K [01;36m[Knote: [m[K  no known conversion for argument 1 from â€˜[01m[Kint[m[Kâ€™ to â€˜[01m[Krosidl_runtime_cpp::MessageInitialization[m[Kâ€™
[9.763s]    40 |   explicit Int32MultiArray_([01;36m[Krosidl_runtime_cpp::MessageInitialization _init = rosidl_runtime_cpp::MessageInitialization::ALL[m[K)
[9.766s]       |                             [01;36m[K~~~~~~~~~~~~~~~~~~~~~~~~~~~~~~~~~~~~~~~~~~^~~~~~~~~~~~~~~~~~~~~~~~~~~~~~~~~~~~~~~~~~~~~~~~~~~~~~[m[K
[9.771s] [01m[K/opt/ros/humble/include/std_msgs/std_msgs/msg/detail/int32_multi_array__struct.hpp:36:8:[m[K [01;36m[Knote: [m[Kcandidate: â€˜[01m[Kstd_msgs::msg::Int32MultiArray_<std::allocator<void> >::Int32MultiArray_(const std_msgs::msg::Int32MultiArray_<std::allocator<void> >&)[m[Kâ€™
[9.775s]    36 | struct [01;36m[KInt32MultiArray_[m[K
[9.779s]       |        [01;36m[K^~~~~~~~~~~~~~~~[m[K
[9.782s] [01m[K/opt/ros/humble/include/std_msgs/std_msgs/msg/detail/int32_multi_array__struct.hpp:36:8:[m[K [01;36m[Knote: [m[K  no known conversion for argument 1 from â€˜[01m[Kint[m[Kâ€™ to â€˜[01m[Kconst std_msgs::msg::Int32MultiArray_<std::allocator<void> >&[m[Kâ€™
[9.787s] [01m[K/opt/ros/humble/include/std_msgs/std_msgs/msg/detail/int32_multi_array__struct.hpp:36:8:[m[K [01;36m[Knote: [m[Kcandidate: â€˜[01m[Kstd_msgs::msg::Int32MultiArray_<std::allocator<void> >::Int32MultiArray_(std_msgs::msg::Int32MultiArray_<std::allocator<void> >&&)[m[Kâ€™
[9.792s] [01m[K/opt/ros/humble/include/std_msgs/std_msgs/msg/detail/int32_multi_array__struct.hpp:36:8:[m[K [01;36m[Knote: [m[K  no known conversion for argument 1 from â€˜[01m[Kint[m[Kâ€™ to â€˜[01m[Kstd_msgs::msg::Int32MultiArray_<std::allocator<void> >&&[m[Kâ€™
[13.684s] gmake[2]: *** [CMakeFiles/merge_arrays_node.dir/build.make:76: CMakeFiles/merge_arrays_node.dir/src/merge_arrays_node.cpp.o] Error 1
[13.689s] gmake[1]: *** [CMakeFiles/Makefile2:137: CMakeFiles/merge_arrays_node.dir/all] Error 2
[13.694s] gmake: *** [Makefile:146: all] Error 2
[13.697s] Invoked command in '/home/atk-sandbox/atk-sandbox/workspace/build/merge_arrays' returned '2': CMAKE_PREFIX_PATH=${CMAKE_PREFIX_PATH}:/home/atk-sandbox/atk-sandbox/workspace/install/launch_utils:/opt/ros/humble /usr/bin/cmake --build /home/atk-sandbox/atk-sandbox/workspace/build/merge_arrays -- -j4 -l4
