[0.314s] Invoking command in '/home/atk-sandbox/atk-sandbox/workspace/build/merge_arrays': CMAKE_PREFIX_PATH=${CMAKE_PREFIX_PATH}:/home/atk-sandbox/atk-sandbox/workspace/install/launch_utils:/opt/ros/humble /usr/bin/cmake --build /home/atk-sandbox/atk-sandbox/workspace/build/merge_arrays -- -j4 -l4
[1.881s] [35m[1mConsolidate compiler generated dependencies of target merge_arrays_node[0m
[4.459s] [ 50%] [32mBuilding CXX object CMakeFiles/merge_arrays_node.dir/src/merge_arrays_node.cpp.o[0m
[9.421s] [01m[K/home/atk-sandbox/atk-sandbox/workspace/src/merge_arrays/src/merge_arrays_node.cpp:22:5:[m[K [01;31m[Kerror: [m[Kâ€˜[01m[Kboolean[m[Kâ€™ does not name a type; did you mean â€˜[01m[Kbool[m[Kâ€™?
[9.430s]    22 |     [01;31m[Kboolean[m[K merged = false;
[9.435s]       |     [01;31m[K^~~~~~~[m[K
[9.440s]       |     [32m[Kbool[m[K
[9.445s] [01m[K/home/atk-sandbox/atk-sandbox/workspace/src/merge_arrays/src/merge_arrays_node.cpp:36:31:[m[K [01;31m[Kerror: [m[Kâ€˜[01m[Kstd_msg[m[Kâ€™ does not name a type
[9.452s]    36 |     void topic_callback(const [01;31m[Kstd_msg[m[K::msg::Int32MultiArray &msg)
[9.458s]       |                               [01;31m[K^~~~~~~[m[K
[9.464s] [01m[K/home/atk-sandbox/atk-sandbox/workspace/src/merge_arrays/src/merge_arrays_node.cpp:36:43:[m[K [01;31m[Kerror: [m[Kexpected unqualified-id before â€˜[01m[K::[m[Kâ€™ token
[9.470s]    36 |     void topic_callback(const std_msg::msg[01;31m[K::[m[KInt32MultiArray &msg)
[9.476s]       |                                           [01;31m[K^~[m[K
[9.481s] [01m[K/home/atk-sandbox/atk-sandbox/workspace/src/merge_arrays/src/merge_arrays_node.cpp:36:43:[m[K [01;31m[Kerror: [m[Kexpected â€˜[01m[K)[m[Kâ€™ before â€˜[01m[K::[m[Kâ€™ token
[9.486s]    36 |     void topic_callback[34m[K([m[Kconst std_msg::msg[01;31m[K:[m[K[32m[K:[m[KInt32MultiArray &msg)
[9.491s]       |                        [34m[K~[m[K                  [01;31m[K^[m[K[32m[K~[m[K
[9.495s]       |                                           [32m[K)[m[K
[9.503s] [01m[K/home/atk-sandbox/atk-sandbox/workspace/src/merge_arrays/src/merge_arrays_node.cpp:36:40:[m[K [01;31m[Kerror: [m[Kexpected â€˜[01m[K;[m[Kâ€™ at end of member declaration
[9.513s]    36 |     void topic_callback(const std_msg::[01;31m[Kmsg[m[K::Int32MultiArray &msg)
[9.519s]       |                                        [01;31m[K^~~[m[K
[9.524s]       |                                           [32m[K;[m[K
[9.531s] [01m[K/home/atk-sandbox/atk-sandbox/workspace/src/merge_arrays/src/merge_arrays_node.cpp:36:45:[m[K [01;31m[Kerror: [m[Kâ€˜[01m[KInt32MultiArray[m[Kâ€™ in namespace â€˜[01m[K::[m[Kâ€™ does not name a type
[9.540s]    36 |     void topic_callback(const std_msg::msg::[01;31m[KInt32MultiArray[m[K &msg)
[9.545s]       |                                             [01;31m[K^~~~~~~~~~~~~~~[m[K
[9.549s] [01m[K/home/atk-sandbox/atk-sandbox/workspace/src/merge_arrays/src/merge_arrays_node.cpp:[m[K In constructor â€˜[01m[KMergeArrays::MergeArrays()[m[Kâ€™:
[9.555s] [01m[K/home/atk-sandbox/atk-sandbox/workspace/src/merge_arrays/src/merge_arrays_node.cpp:25:53:[m[K [01;31m[Kerror: [m[Kclass â€˜[01m[KMergeArrays[m[Kâ€™ does not have any field named â€˜[01m[Kcount_[m[Kâ€™
[9.561s]    25 |     MergeArrays() : Node("merge_arrays_publisher"), [01;31m[Kcount_[m[K(0)
[9.567s]       |                                                     [01;31m[K^~~~~~[m[K
[9.573s] [01m[K/home/atk-sandbox/atk-sandbox/workspace/src/merge_arrays/src/merge_arrays_node.cpp:27:9:[m[K [01;31m[Kerror: [m[Kâ€˜[01m[Kpublisher_[m[Kâ€™ was not declared in this scope; did you mean â€˜[01m[Krmw_publisher_t[m[Kâ€™?
[9.578s]    27 |         [01;31m[Kpublisher_[m[K = this->create_publisher<std_msgs::msg::Int32MultiArray>("/output/array", 10);
[9.584s]       |         [01;31m[K^~~~~~~~~~[m[K
[9.590s]       |         [32m[Krmw_publisher_t[m[K
[9.595s] [01m[K/home/atk-sandbox/atk-sandbox/workspace/src/merge_arrays/src/merge_arrays_node.cpp:27:60:[m[K [01;31m[Kerror: [m[Kâ€˜[01m[KInt32MultiArray[m[Kâ€™ is not a member of â€˜[01m[Kstd_msgs::msg[m[Kâ€™
[9.605s]    27 |         publisher_ = this->create_publisher<std_msgs::msg::[01;31m[KInt32MultiArray[m[K>("/output/array", 10);
[9.610s]       |                                                            [01;31m[K^~~~~~~~~~~~~~~[m[K
[9.617s] [01m[K/home/atk-sandbox/atk-sandbox/workspace/src/merge_arrays/src/merge_arrays_node.cpp:27:76:[m[K [01;31m[Kerror: [m[Kno matching function for call to â€˜[01m[KMergeArrays::create_publisher<<expression error> >(const char [14], int)[m[Kâ€™
[9.624s]    27 |         publisher_ = [01;31m[Kthis->create_publisher<std_msgs::msg::Int32MultiArray>("/output/array", 10)[m[K;
[9.628s]       |                      [01;31m[K~~~~~~~~~~~~~~~~~~~~~~~~~~~~~~~~~~~~~~~~~~~~~~~~~~~~~~^~~~~~~~~~~~~~~~~~~~~[m[K
[9.633s] In file included from [01m[K/opt/ros/humble/include/rclcpp/rclcpp/executors/single_threaded_executor.hpp:28[m[K,
[9.638s]                  from [01m[K/opt/ros/humble/include/rclcpp/rclcpp/executors.hpp:22[m[K,
[9.644s]                  from [01m[K/opt/ros/humble/include/rclcpp/rclcpp/rclcpp.hpp:155[m[K,
[9.651s]                  from [01m[K/home/atk-sandbox/atk-sandbox/workspace/src/merge_arrays/src/merge_arrays_node.cpp:6[m[K:
[9.655s] [01m[K/opt/ros/humble/include/rclcpp/rclcpp/node.hpp:195:3:[m[K [01;36m[Knote: [m[Kcandidate: â€˜[01m[Ktemplate<class MessageT, class AllocatorT, class PublisherT> std::shared_ptr<PublisherT> rclcpp::Node::create_publisher(const string&, const rclcpp::QoS&, const rclcpp::PublisherOptionsWithAllocator<AllocatorT>&)[m[Kâ€™
[9.660s]   195 |   [01;36m[Kcreate_publisher[m[K(
[9.665s]       |   [01;36m[K^~~~~~~~~~~~~~~~[m[K
[9.669s] [01m[K/opt/ros/humble/include/rclcpp/rclcpp/node.hpp:195:3:[m[K [01;36m[Knote: [m[K  template argument deduction/substitution failed:
[9.674s] [01m[K/home/atk-sandbox/atk-sandbox/workspace/src/merge_arrays/src/merge_arrays_node.cpp:27:76:[m[K [01;31m[Kerror: [m[Ktemplate argument 1 is invalid
[9.680s]    27 |         publisher_ = [01;31m[Kthis->create_publisher<std_msgs::msg::Int32MultiArray>("/output/array", 10)[m[K;
[9.685s]       |                      [01;31m[K~~~~~~~~~~~~~~~~~~~~~~~~~~~~~~~~~~~~~~~~~~~~~~~~~~~~~~^~~~~~~~~~~~~~~~~~~~~[m[K
[9.690s] [01m[K/home/atk-sandbox/atk-sandbox/workspace/src/merge_arrays/src/merge_arrays_node.cpp:28:9:[m[K [01;31m[Kerror: [m[Kâ€˜[01m[Ksubscription_[m[Kâ€™ was not declared in this scope; did you mean â€˜[01m[Krmw_subscription_t[m[Kâ€™?
[9.695s]    28 |         [01;31m[Ksubscription_[m[K = this->create_subscription<std_msgs::msg::Int32MultiArray>("input/array1", 10, std::bind(&MergeArrays::topic_callback, this, _1));
[9.700s]       |         [01;31m[K^~~~~~~~~~~~~[m[K
[9.706s]       |         [32m[Krmw_subscription_t[m[K
[9.712s] [01m[K/home/atk-sandbox/atk-sandbox/workspace/src/merge_arrays/src/merge_arrays_node.cpp:28:66:[m[K [01;31m[Kerror: [m[Kâ€˜[01m[KInt32MultiArray[m[Kâ€™ is not a member of â€˜[01m[Kstd_msgs::msg[m[Kâ€™
[9.717s]    28 |         subscription_ = this->create_subscription<std_msgs::msg::[01;31m[KInt32MultiArray[m[K>("input/array1", 10, std::bind(&MergeArrays::topic_callback, this, _1));
[9.723s]       |                                                                  [01;31m[K^~~~~~~~~~~~~~~[m[K
[9.728s] [01m[K/home/atk-sandbox/atk-sandbox/workspace/src/merge_arrays/src/merge_arrays_node.cpp:28:82:[m[K [01;31m[Kerror: [m[Kno matching function for call to â€˜[01m[KMergeArrays::create_subscription<<expression error> >(const char [13], int, std::_Bind_helper<false, void (MergeArrays::*)(...), MergeArrays*, const std::_Placeholder<1>&>::type)[m[Kâ€™
[9.734s]    28 |         subscription_ = [01;31m[Kthis->create_subscription<std_msgs::msg::Int32MultiArray>("input/array1", 10, std::bind(&MergeArrays::topic_callback, this, _1))[m[K;
[9.741s]       |                         [01;31m[K~~~~~~~~~~~~~~~~~~~~~~~~~~~~~~~~~~~~~~~~~~~~~~~~~~~~~~~~~^~~~~~~~~~~~~~~~~~~~~~~~~~~~~~~~~~~~~~~~~~~~~~~~~~~~~~~~~~~~~~~~~~~~~~~[m[K
[9.745s] In file included from [01m[K/opt/ros/humble/include/rclcpp/rclcpp/executors/single_threaded_executor.hpp:28[m[K,
[9.749s]                  from [01m[K/opt/ros/humble/include/rclcpp/rclcpp/executors.hpp:22[m[K,
[9.755s]                  from [01m[K/opt/ros/humble/include/rclcpp/rclcpp/rclcpp.hpp:155[m[K,
[9.761s]                  from [01m[K/home/atk-sandbox/atk-sandbox/workspace/src/merge_arrays/src/merge_arrays_node.cpp:6[m[K:
[9.772s] [01m[K/opt/ros/humble/include/rclcpp/rclcpp/node.hpp:219:3:[m[K [01;36m[Knote: [m[Kcandidate: â€˜[01m[Ktemplate<class MessageT, class CallbackT, class AllocatorT, class SubscriptionT, class MessageMemoryStrategyT> std::shared_ptr<ROSMessageT> rclcpp::Node::create_subscription(const string&, const rclcpp::QoS&, CallbackT&&, const rclcpp::SubscriptionOptionsWithAllocator<AllocatorT>&, typename MessageMemoryStrategyT::SharedPtr)[m[Kâ€™
[9.777s]   219 |   [01;36m[Kcreate_subscription[m[K(
[9.783s]       |   [01;36m[K^~~~~~~~~~~~~~~~~~~[m[K
[9.789s] [01m[K/opt/ros/humble/include/rclcpp/rclcpp/node.hpp:219:3:[m[K [01;36m[Knote: [m[K  template argument deduction/substitution failed:
[9.794s] [01m[K/home/atk-sandbox/atk-sandbox/workspace/src/merge_arrays/src/merge_arrays_node.cpp:28:82:[m[K [01;31m[Kerror: [m[Ktemplate argument 1 is invalid
[9.799s]    28 |         subscription_ = [01;31m[Kthis->create_subscription<std_msgs::msg::Int32MultiArray>("input/array1", 10, std::bind(&MergeArrays::topic_callback, this, _1))[m[K;
[9.804s]       |                         [01;31m[K~~~~~~~~~~~~~~~~~~~~~~~~~~~~~~~~~~~~~~~~~~~~~~~~~~~~~~~~~^~~~~~~~~~~~~~~~~~~~~~~~~~~~~~~~~~~~~~~~~~~~~~~~~~~~~~~~~~~~~~~~~~~~~~~[m[K
[9.813s] [01m[K/home/atk-sandbox/atk-sandbox/workspace/src/merge_arrays/src/merge_arrays_node.cpp:29:66:[m[K [01;31m[Kerror: [m[Kâ€˜[01m[KInt32MultiArray[m[Kâ€™ is not a member of â€˜[01m[Kstd_msgs::msg[m[Kâ€™
[9.820s]    29 |         subscription_ = this->create_subscription<std_msgs::msg::[01;31m[KInt32MultiArray[m[K>("input/array2", 10, std::bind(&MergeArrays::topic_callback, this, _1));
[9.825s]       |                                                                  [01;31m[K^~~~~~~~~~~~~~~[m[K
[9.832s] [01m[K/home/atk-sandbox/atk-sandbox/workspace/src/merge_arrays/src/merge_arrays_node.cpp:29:82:[m[K [01;31m[Kerror: [m[Kno matching function for call to â€˜[01m[KMergeArrays::create_subscription<<expression error> >(const char [13], int, std::_Bind_helper<false, void (MergeArrays::*)(...), MergeArrays*, const std::_Placeholder<1>&>::type)[m[Kâ€™
[9.841s]    29 |         subscription_ = [01;31m[Kthis->create_subscription<std_msgs::msg::Int32MultiArray>("input/array2", 10, std::bind(&MergeArrays::topic_callback, this, _1))[m[K;
[9.847s]       |                         [01;31m[K~~~~~~~~~~~~~~~~~~~~~~~~~~~~~~~~~~~~~~~~~~~~~~~~~~~~~~~~~^~~~~~~~~~~~~~~~~~~~~~~~~~~~~~~~~~~~~~~~~~~~~~~~~~~~~~~~~~~~~~~~~~~~~~~[m[K
[9.853s] In file included from [01m[K/opt/ros/humble/include/rclcpp/rclcpp/executors/single_threaded_executor.hpp:28[m[K,
[9.858s]                  from [01m[K/opt/ros/humble/include/rclcpp/rclcpp/executors.hpp:22[m[K,
[9.862s]                  from [01m[K/opt/ros/humble/include/rclcpp/rclcpp/rclcpp.hpp:155[m[K,
[9.866s]                  from [01m[K/home/atk-sandbox/atk-sandbox/workspace/src/merge_arrays/src/merge_arrays_node.cpp:6[m[K:
[9.872s] [01m[K/opt/ros/humble/include/rclcpp/rclcpp/node.hpp:219:3:[m[K [01;36m[Knote: [m[Kcandidate: â€˜[01m[Ktemplate<class MessageT, class CallbackT, class AllocatorT, class SubscriptionT, class MessageMemoryStrategyT> std::shared_ptr<ROSMessageT> rclcpp::Node::create_subscription(const string&, const rclcpp::QoS&, CallbackT&&, const rclcpp::SubscriptionOptionsWithAllocator<AllocatorT>&, typename MessageMemoryStrategyT::SharedPtr)[m[Kâ€™
[9.878s]   219 |   [01;36m[Kcreate_subscription[m[K(
[9.883s]       |   [01;36m[K^~~~~~~~~~~~~~~~~~~[m[K
[9.889s] [01m[K/opt/ros/humble/include/rclcpp/rclcpp/node.hpp:219:3:[m[K [01;36m[Knote: [m[K  template argument deduction/substitution failed:
[9.899s] [01m[K/home/atk-sandbox/atk-sandbox/workspace/src/merge_arrays/src/merge_arrays_node.cpp:29:82:[m[K [01;31m[Kerror: [m[Ktemplate argument 1 is invalid
[9.903s]    29 |         subscription_ = [01;31m[Kthis->create_subscription<std_msgs::msg::Int32MultiArray>("input/array2", 10, std::bind(&MergeArrays::topic_callback, this, _1))[m[K;
[9.909s]       |                         [01;31m[K~~~~~~~~~~~~~~~~~~~~~~~~~~~~~~~~~~~~~~~~~~~~~~~~~~~~~~~~~^~~~~~~~~~~~~~~~~~~~~~~~~~~~~~~~~~~~~~~~~~~~~~~~~~~~~~~~~~~~~~~~~~~~~~~[m[K
[9.915s] [01m[K/home/atk-sandbox/atk-sandbox/workspace/src/merge_arrays/src/merge_arrays_node.cpp:31:9:[m[K [01;31m[Kerror: [m[Kâ€˜[01m[Ktimer_[m[Kâ€™ was not declared in this scope; did you mean â€˜[01m[Ktimer_t[m[Kâ€™?
[9.922s]    31 |         [01;31m[Ktimer_[m[K = this->create_wall_timer(500ms, std::bind(&MergeArrays::timer_callback, this));
[9.927s]       |         [01;31m[K^~~~~~[m[K
[9.931s]       |         [32m[Ktimer_t[m[K
[9.939s] [01m[K/home/atk-sandbox/atk-sandbox/workspace/src/merge_arrays/src/merge_arrays_node.cpp:31:73:[m[K [01;31m[Kerror: [m[Kâ€˜[01m[Ktimer_callback[m[Kâ€™ is not a member of â€˜[01m[KMergeArrays[m[Kâ€™
[9.950s]    31 |         timer_ = this->create_wall_timer(500ms, std::bind(&MergeArrays::[01;31m[Ktimer_callback[m[K, this));
[9.959s]       |                                                                         [01;31m[K^~~~~~~~~~~~~~[m[K
[10.567s] gmake[2]: *** [CMakeFiles/merge_arrays_node.dir/build.make:76: CMakeFiles/merge_arrays_node.dir/src/merge_arrays_node.cpp.o] Error 1
[10.574s] gmake[1]: *** [CMakeFiles/Makefile2:137: CMakeFiles/merge_arrays_node.dir/all] Error 2
[10.579s] gmake: *** [Makefile:146: all] Error 2
[10.585s] Invoked command in '/home/atk-sandbox/atk-sandbox/workspace/build/merge_arrays' returned '2': CMAKE_PREFIX_PATH=${CMAKE_PREFIX_PATH}:/home/atk-sandbox/atk-sandbox/workspace/install/launch_utils:/opt/ros/humble /usr/bin/cmake --build /home/atk-sandbox/atk-sandbox/workspace/build/merge_arrays -- -j4 -l4
