[01m[K/home/atk-sandbox/atk-sandbox/workspace/src/merge_arrays/src/merge_arrays_node.cpp:[m[K In member function â€˜[01m[Kvoid MergeArrays::merge_arrays(std_msgs::msg::Int32MultiArray, std_msgs::msg::Int32MultiArray)[m[Kâ€™:
[01m[K/home/atk-sandbox/atk-sandbox/workspace/src/merge_arrays/src/merge_arrays_node.cpp:99:24:[m[K [01;31m[Kerror: [m[Kâ€˜[01m[KsizeOf[m[Kâ€™ was not declared in this scope; did you mean â€˜[01m[Ksize_t[m[Kâ€™?
   99 |         int arr_len1 = [01;31m[Ksizeof[m[K(array1.data) / sizeof(array1.data[0]);
      |                        [01;31m[K^~~~~~[m[K
      |                        [32m[Ksize_t[m[K
gmake[2]: *** [CMakeFiles/merge_arrays_node.dir/build.make:76: CMakeFiles/merge_arrays_node.dir/src/merge_arrays_node.cpp.o] Interrupt
gmake[1]: *** [CMakeFiles/Makefile2:137: CMakeFiles/merge_arrays_node.dir/all] Interrupt
gmake: *** [Makefile:146: all] Interrupt
